\BOOKMARK [1][-]{section.1}{\376\377\000P\000a\000r\000t\000\040\000A\000:\000\040\000R\000e\000p\000o\000s\000i\000t\000o\000r\000y\000\040\000S\000e\000t\000u\000p}{}% 1
\BOOKMARK [1][-]{section.2}{\376\377\000P\000a\000r\000t\000\040\000B\000:\000\040\000T\000h\000e\000o\000r\000y\000\040\000P\000r\000o\000b\000l\000e\000m}{}% 2
\BOOKMARK [2][-]{subsection.2.1}{\376\377\000P\000r\000o\000b\000l\000e\000m\000\040\0001}{section.2}% 3
\BOOKMARK [3][-]{subsubsection.2.1.1}{\376\377\000C\000h\000o\000i\000c\000e\000\040\000o\000f\000\040\000G\000r\000i\000d}{subsection.2.1}% 4
\BOOKMARK [3][-]{subsubsection.2.1.2}{\376\377\000E\000x\000i\000s\000t\000e\000n\000c\000e\000\040\000o\000f\000\040\000a\000\040\000C\000o\000n\000s\000i\000s\000t\000e\000n\000t\000\040\000G\000r\000i\000d\000\040\000T\000h\000r\000e\000s\000h\000o\000l\000d}{subsection.2.1}% 5
\BOOKMARK [3][-]{subsubsection.2.1.3}{\376\377\000M\000i\000s\000t\000a\000k\000e\000\040\000B\000o\000u\000n\000d\000\040\000D\000e\000r\000i\000v\000a\000t\000i\000o\000n}{subsection.2.1}% 6
\BOOKMARK [3][-]{subsubsection.2.1.4}{\376\377\000C\000o\000n\000c\000l\000u\000s\000i\000o\000n}{subsection.2.1}% 7
\BOOKMARK [2][-]{subsection.2.2}{\376\377\000P\000r\000o\000b\000l\000e\000m\000\040\0002}{section.2}% 8
\BOOKMARK [3][-]{subsubsection.2.2.1}{\376\377\000C\000h\000o\000s\000e\000n\000\040\000F\000e\000a\000t\000u\000r\000e\000\040\000M\000a\000p}{subsection.2.2}% 9
\BOOKMARK [3][-]{subsubsection.2.2.2}{\376\377\000M\000a\000r\000g\000i\000n\000\040\000L\000o\000w\000e\000r\000\040\000B\000o\000u\000n\000d}{subsection.2.2}% 10
\BOOKMARK [3][-]{subsubsection.2.2.3}{\376\377\000N\000o\000r\000m\000\040\000B\000o\000u\000n\000d}{subsection.2.2}% 11
\BOOKMARK [3][-]{subsubsection.2.2.4}{\376\377\000M\000i\000s\000t\000a\000k\000e\000\040\000B\000o\000u\000n\000d\000\040\000D\000e\000r\000i\000v\000a\000t\000i\000o\000n}{subsection.2.2}% 12
\BOOKMARK [3][-]{subsubsection.2.2.5}{\376\377\000C\000o\000n\000c\000l\000u\000s\000i\000o\000n}{subsection.2.2}% 13
\BOOKMARK [2][-]{subsection.2.3}{\376\377\000P\000r\000o\000b\000l\000e\000m\000\040\0003}{section.2}% 14
\BOOKMARK [3][-]{subsubsection.2.3.1}{\376\377\000W\000h\000y\000\040\000T\000h\000i\000s\000\040\000D\000o\000e\000s\000\040\000N\000o\000t\000\040\000C\000o\000n\000t\000r\000a\000d\000i\000c\000t\000\040\000P\000a\000r\000t\000\040\0001}{subsection.2.3}% 15
\BOOKMARK [3][-]{subsubsection.2.3.2}{\376\377\000C\000o\000m\000p\000a\000r\000i\000s\000o\000n\000\040\000o\000f\000\040\000t\000h\000e\000\040\000T\000w\000o\000\040\000B\000o\000u\000n\000d\000s}{subsection.2.3}% 16
\BOOKMARK [3][-]{subsubsection.2.3.3}{\376\377\000I\000n\000t\000e\000r\000p\000r\000e\000t\000a\000t\000i\000o\000n}{subsection.2.3}% 17
\BOOKMARK [3][-]{subsubsection.2.3.4}{\376\377\000C\000o\000n\000c\000l\000u\000s\000i\000o\000n}{subsection.2.3}% 18
\BOOKMARK [2][-]{subsection.2.4}{\376\377\000P\000r\000o\000b\000l\000e\000m\000\040\0004}{section.2}% 19
\BOOKMARK [3][-]{subsubsection.2.4.1}{\376\377\000P\000r\000o\000b\000l\000e\000m\000s\000\040\000i\000n\000\040\000t\000h\000e\000\040\000A\000I\000\040\000A\000r\000g\000u\000m\000e\000n\000t}{subsection.2.4}% 20
\BOOKMARK [3][-]{subsubsection.2.4.2}{\376\377\000C\000o\000r\000r\000e\000c\000t\000e\000d\000\040\000S\000t\000a\000t\000e\000m\000e\000n\000t}{subsection.2.4}% 21
\BOOKMARK [3][-]{subsubsection.2.4.3}{\376\377\000P\000r\000o\000o\000f\000\040\000o\000f\000\040\000t\000h\000e\000\040\000C\000o\000r\000r\000e\000c\000t\000e\000d\000\040\000S\000t\000a\000t\000e\000m\000e\000n\000t}{subsection.2.4}% 22
\BOOKMARK [3][-]{subsubsection.2.4.4}{\376\377\000C\000o\000n\000c\000l\000u\000s\000i\000o\000n}{subsection.2.4}% 23
\BOOKMARK [1][-]{section.3}{\376\377\000P\000a\000r\000t\000\040\000C\000:\000\040\000P\000e\000r\000c\000e\000p\000t\000r\000o\000n\000\040\040\024\000\040\000I\000m\000p\000l\000e\000m\000e\000n\000t\000a\000t\000i\000o\000n\000\040\000a\000n\000d\000\040\000E\000x\000p\000e\000r\000i\000m\000e\000n\000t\000s}{}% 24
\BOOKMARK [2][-]{subsection.3.1}{\376\377\000Q\000u\000e\000s\000t\000i\000o\000n\000\040\0001\000:\000\040\000D\000a\000t\000a\000\040\000G\000e\000n\000e\000r\000a\000t\000i\000o\000n}{section.3}% 25
\BOOKMARK [2][-]{subsection.3.2}{\376\377\000Q\000u\000e\000s\000t\000i\000o\000n\000\040\0002\000:\000\040\000S\000c\000a\000l\000i\000n\000g\000\040\000w\000i\000t\000h\000\040\0001\000\040\000o\000v\000e\000r\000\040\000g\000a\000m\000m\000a\000\040\000s\000q\000u\000a\000r\000e\000d}{section.3}% 26
\BOOKMARK [2][-]{subsection.3.3}{\376\377\000Q\000u\000e\000s\000t\000i\000o\000n\000\040\0003\000:\000\040\000T\000i\000g\000h\000t\000n\000e\000s\000s\000\040\000o\000f\000\040\000t\000h\000e\000\040\000B\000o\000u\000n\000d}{section.3}% 27
\BOOKMARK [2][-]{subsection.3.4}{\376\377\000Q\000u\000e\000s\000t\000i\000o\000n\000\040\0004\000:\000\040\000D\000e\000p\000e\000n\000d\000e\000n\000c\000e\000\040\000o\000n\000\040\000t\000h\000e\000\040\000D\000i\000m\000e\000n\000s\000i\000o\000n}{section.3}% 28
\BOOKMARK [2][-]{subsection.3.5}{\376\377\000Q\000u\000e\000s\000t\000i\000o\000n\000\040\0005\000:\000\040\000W\000h\000a\000t\000\040\000H\000a\000p\000p\000e\000n\000s\000\040\000a\000s\000\040\000g\000a\000m\000m\000a\000\040\000-\000>\000\040\0000\000?}{section.3}% 29
\BOOKMARK [2][-]{subsection.3.6}{\376\377\000Q\000u\000e\000s\000t\000i\000o\000n\000\040\0006\000:\000\040\000H\000o\000w\000\040\000I\000\040\000V\000e\000r\000i\000f\000i\000e\000d\000\040\000t\000h\000e\000\040\000I\000m\000p\000l\000e\000m\000e\000n\000t\000a\000t\000i\000o\000n}{section.3}% 30
\BOOKMARK [2][-]{subsection.3.7}{\376\377\000C\000o\000d\000e}{section.3}% 31
\BOOKMARK [1][-]{section.4}{\376\377\000P\000a\000r\000t\000\040\000D\000:\000\040\000A\000I\000\040\000U\000s\000a\000g\000e\000\040\000R\000e\000p\000o\000r\000t}{}% 32
\BOOKMARK [2][-]{subsection.4.1}{\376\377\000Q\0001}{section.4}% 33
\BOOKMARK [2][-]{subsection.4.2}{\376\377\000Q\0002}{section.4}% 34
\BOOKMARK [2][-]{subsection.4.3}{\376\377\000Q\0003}{section.4}% 35
\BOOKMARK [2][-]{subsection.4.4}{\376\377\000Q\0004}{section.4}% 36
\BOOKMARK [2][-]{subsection.4.5}{\376\377\000M\000i\000s\000c}{section.4}% 37
