\BOOKMARK [1][-]{section.1}{\376\377\000P\000a\000r\000t\000\040\000A\000:\000\040\000U\000n\000i\000o\000n\000s\000\040\000o\000f\000\040\000T\000w\000o\000\040\000I\000n\000t\000e\000r\000v\000a\000l\000s\000\040\000o\000n\000\040\000t\000h\000e\000\040\000L\000i\000n\000e}{}% 1
\BOOKMARK [2][-]{subsection.1.1}{\376\377\000P\000r\000o\000b\000l\000e\000m\000\040\0001}{section.1}% 2
\BOOKMARK [3][-]{subsubsection.1.1.1}{\376\377\000C\000h\000a\000r\000a\000c\000t\000e\000r\000i\000z\000a\000t\000i\000o\000n}{subsection.1.1}% 3
\BOOKMARK [3][-]{subsubsection.1.1.2}{\376\377\000W\000h\000y\000\040\000E\000v\000e\000r\000y\000\040\000R\000e\000a\000l\000i\000z\000a\000b\000l\000e\000\040\000L\000a\000b\000e\000l\000i\000n\000g\000\040\000H\000a\000s\000\040\000T\000h\000i\000s\000\040\000F\000o\000r\000m}{subsection.1.1}% 4
\BOOKMARK [3][-]{subsubsection.1.1.3}{\376\377\000W\000h\000y\000\040\000E\000v\000e\000r\000y\000\040\000S\000u\000c\000h\000\040\000L\000a\000b\000e\000l\000i\000n\000g\000\040\000I\000s\000\040\000R\000e\000a\000l\000i\000z\000a\000b\000l\000e}{subsection.1.1}% 5
\BOOKMARK [3][-]{subsubsection.1.1.4}{\376\377\000C\000o\000n\000c\000l\000u\000s\000i\000o\000n}{subsection.1.1}% 6
\BOOKMARK [2][-]{subsection.1.2}{\376\377\000P\000r\000o\000b\000l\000e\000m\000\040\0002}{section.1}% 7
\BOOKMARK [3][-]{subsubsection.1.2.1}{\376\377\000C\000o\000u\000n\000t\000i\000n\000g\000\040\000t\000h\000e\000\040\000P\000a\000t\000t\000e\000r\000n\000s}{subsection.1.2}% 8
\BOOKMARK [3][-]{subsubsection.1.2.2}{\376\377\000E\000x\000a\000c\000t\000\040\000G\000r\000o\000w\000t\000h\000\040\000F\000o\000r\000m\000u\000l\000a}{subsection.1.2}% 9
\BOOKMARK [2][-]{subsection.1.3}{\376\377\000P\000r\000o\000b\000l\000e\000m\000\040\0003}{section.1}% 10
\BOOKMARK [3][-]{subsubsection.1.3.1}{\376\377\000E\000x\000a\000c\000t\000\040\000V\000C\000\040\000D\000i\000m\000e\000n\000s\000i\000o\000n}{subsection.1.3}% 11
\BOOKMARK [3][-]{subsubsection.1.3.2}{\376\377\000H\000a\000l\000v\000i\000n\000g\000\040\000M\000i\000s\000t\000a\000k\000e\000\040\000B\000o\000u\000n\000d\000\040\000o\000n\000\040\000a\000n\000\040\000n\000-\000P\000o\000i\000n\000t\000\040\000P\000o\000o\000l}{subsection.1.3}% 12
\BOOKMARK [3][-]{subsubsection.1.3.3}{\376\377\000C\000o\000m\000p\000a\000r\000i\000s\000o\000n\000\040\000w\000i\000t\000h\000\040\000S\000a\000u\000e\000r\040\023\000S\000h\000e\000l\000a\000h}{subsection.1.3}% 13
\BOOKMARK [2][-]{subsection.1.4}{\376\377\000P\000r\000o\000b\000l\000e\000m\000\040\0004}{section.1}% 14
\BOOKMARK [3][-]{subsubsection.1.4.1}{\376\377\000A\000\040\000C\000o\000n\000c\000r\000e\000t\000e\000\040\000E\000x\000t\000r\000e\000m\000a\000l\000\040\000C\000l\000a\000s\000s}{subsection.1.4}% 15
\BOOKMARK [3][-]{subsubsection.1.4.2}{\376\377\000I\000t\000s\000\040\000V\000C\000\040\000D\000i\000m\000e\000n\000s\000i\000o\000n}{subsection.1.4}% 16
\BOOKMARK [3][-]{subsubsection.1.4.3}{\376\377\000I\000t\000s\000\040\000G\000r\000o\000w\000t\000h\000\040\000F\000u\000n\000c\000t\000i\000o\000n\000\040\000a\000t\000\040\000n\000\040\000P\000o\000i\000n\000t\000s}{subsection.1.4}% 17
\BOOKMARK [3][-]{subsubsection.1.4.4}{\376\377\000W\000h\000a\000t\000\040\000T\000h\000i\000s\000\040\000S\000h\000o\000w\000s}{subsection.1.4}% 18
\BOOKMARK [2][-]{subsection.1.5}{\376\377\000P\000r\000o\000b\000l\000e\000m\000\040\0005}{section.1}% 19
\BOOKMARK [3][-]{subsubsection.1.5.1}{\376\377\000W\000h\000a\000t\000\040\000I\000s\000\040\000W\000r\000o\000n\000g\000\040\000w\000i\000t\000h\000\040\000t\000h\000e\000\040\000A\000I\000\040\000A\000r\000g\000u\000m\000e\000n\000t}{subsection.1.5}% 20
\BOOKMARK [3][-]{subsubsection.1.5.2}{\376\377\000C\000o\000r\000r\000e\000c\000t\000\040\000S\000t\000a\000t\000e\000m\000e\000n\000t}{subsection.1.5}% 21
\BOOKMARK [3][-]{subsubsection.1.5.3}{\376\377\000W\000h\000y\000\040\000T\000h\000i\000s\000\040\000C\000o\000r\000r\000e\000c\000t\000\040\000S\000t\000a\000t\000e\000m\000e\000n\000t\000\040\000I\000s\000\040\000J\000u\000s\000t\000i\000f\000i\000e\000d}{subsection.1.5}% 22
\BOOKMARK [1][-]{section.2}{\376\377\000P\000a\000r\000t\000\040\000B\000:\000\040\000Q\000u\000a\000d\000r\000a\000t\000i\000c\000\040\000T\000h\000r\000e\000s\000h\000o\000l\000d\000\040\000F\000u\000n\000c\000t\000i\000o\000n\000s\000\040\000o\000n\000\040\000t\000h\000e\000\040\000L\000i\000n\000e}{}% 23
\BOOKMARK [2][-]{subsection.2.1}{\376\377\000P\000r\000o\000b\000l\000e\000m\000\040\0001}{section.2}% 24
\BOOKMARK [3][-]{subsubsection.2.1.1}{\376\377\000C\000l\000a\000i\000m}{subsection.2.1}% 25
\BOOKMARK [3][-]{subsubsection.2.1.2}{\376\377\000P\000r\000o\000o\000f}{subsection.2.1}% 26
\BOOKMARK [2][-]{subsection.2.2}{\376\377\000P\000r\000o\000b\000l\000e\000m\000\040\0002}{section.2}% 27
\BOOKMARK [3][-]{subsubsection.2.2.1}{\376\377\000E\000x\000p\000l\000i\000c\000i\000t\000\040\000F\000e\000a\000t\000u\000r\000e\000\040\000M\000a\000p}{subsection.2.2}% 28
\BOOKMARK [3][-]{subsubsection.2.2.2}{\376\377\000V\000C\000-\000D\000i\000m\000e\000n\000s\000i\000o\000n\000\040\000U\000p\000p\000e\000r\000\040\000B\000o\000u\000n\000d}{subsection.2.2}% 29
\BOOKMARK [2][-]{subsection.2.3}{\376\377\000P\000r\000o\000b\000l\000e\000m\000\040\0003}{section.2}% 30
\BOOKMARK [3][-]{subsubsection.2.3.1}{\376\377\000C\000h\000a\000r\000a\000c\000t\000e\000r\000i\000z\000a\000t\000i\000o\000n}{subsection.2.3}% 31
\BOOKMARK [3][-]{subsubsection.2.3.2}{\376\377\000W\000h\000y\000\040\000E\000v\000e\000r\000y\000\040\000Q\000u\000a\000d\000r\000a\000t\000i\000c\000\040\000P\000a\000t\000t\000e\000r\000n\000\040\000H\000a\000s\000\040\000T\000h\000i\000s\000\040\000F\000o\000r\000m}{subsection.2.3}% 32
\BOOKMARK [3][-]{subsubsection.2.3.3}{\376\377\000W\000h\000y\000\040\000E\000v\000e\000r\000y\000\040\000S\000u\000c\000h\000\040\000P\000a\000t\000t\000e\000r\000n\000\040\000I\000s\000\040\000R\000e\000a\000l\000i\000z\000a\000b\000l\000e}{subsection.2.3}% 33
\BOOKMARK [3][-]{subsubsection.2.3.4}{\376\377\000C\000o\000n\000c\000l\000u\000s\000i\000o\000n}{subsection.2.3}% 34
\BOOKMARK [2][-]{subsection.2.4}{\376\377\000P\000r\000o\000b\000l\000e\000m\000\040\0004}{section.2}% 35
\BOOKMARK [3][-]{subsubsection.2.4.1}{\376\377\000E\000x\000a\000c\000t\000\040\000G\000r\000o\000w\000t\000h\000\040\000F\000u\000n\000c\000t\000i\000o\000n}{subsection.2.4}% 36
\BOOKMARK [3][-]{subsubsection.2.4.2}{\376\377\000E\000x\000a\000c\000t\000\040\000V\000C\000\040\000D\000i\000m\000e\000n\000s\000i\000o\000n}{subsection.2.4}% 37
\BOOKMARK [3][-]{subsubsection.2.4.3}{\376\377\000C\000o\000m\000p\000a\000r\000i\000s\000o\000n\000\040\000w\000i\000t\000h\000\040\000S\000a\000u\000e\000r\040\023\000S\000h\000e\000l\000a\000h}{subsection.2.4}% 38
\BOOKMARK [2][-]{subsection.2.5}{\376\377\000P\000r\000o\000b\000l\000e\000m\000\040\0005}{section.2}% 39
\BOOKMARK [3][-]{subsubsection.2.5.1}{\376\377\000W\000h\000a\000t\000\040\000I\000s\000\040\000W\000r\000o\000n\000g\000\040\000w\000i\000t\000h\000\040\000t\000h\000e\000\040\000A\000I\000\040\000A\000r\000g\000u\000m\000e\000n\000t}{subsection.2.5}% 40
\BOOKMARK [3][-]{subsubsection.2.5.2}{\376\377\000C\000o\000r\000r\000e\000c\000t\000\040\000S\000t\000a\000t\000e\000m\000e\000n\000t}{subsection.2.5}% 41
\BOOKMARK [3][-]{subsubsection.2.5.3}{\376\377\000W\000h\000y\000\040\000T\000h\000i\000s\000\040\000C\000o\000r\000r\000e\000c\000t\000\040\000S\000t\000a\000t\000e\000m\000e\000n\000t\000\040\000I\000s\000\040\000J\000u\000s\000t\000i\000f\000i\000e\000d}{subsection.2.5}% 42
\BOOKMARK [1][-]{section.3}{\376\377\000P\000a\000r\000t\000\040\000C\000:\000\040\000A\000I\000\040\000U\000s\000a\000g\000e\000\040\000R\000e\000p\000o\000r\000t}{}% 43
